<?xml version="1.0" encoding="UTF-8"?>
<!-- Generated by org.testng.reporters.JUnitXMLReporter -->
<testsuite ignored="0" hostname="NODE1877" failures="0" tests="3" name="Default test" time="4.529" errors="0" timestamp="2023-05-19T19:32:26 IST">
  <testcase classname="Examples.PutPatchAndDelete" name="testDelete" time="2.612"/>
  <testcase classname="Examples.PutPatchAndDelete" name="testPatch" time="0.895"/>
  <testcase classname="Examples.PutPatchAndDelete" name="testPut" time="0.975"/>
</testsuite> <!-- Default test -->
